# JRE version: Java(TM) SE Runtime Environment (22.0.1+8) (build 22.0.1+8-16)
# Java VM: Java HotSpot(TM) 64-Bit Server VM (22.0.1+8-16, mixed mode, sharing, tiered, compressed oops, compressed class ptrs, g1 gc, windows-amd64)
GC Precious Log:
 CardTable entry size: 512
 Card Set container configuration: InlinePtr #cards 4 size 8 Array Of Cards #cards 16 size 48 Howl #buckets 8 coarsen threshold 3686 Howl Bitmap #cards 512 size 80 coarsen threshold 460 Card regions per heap region 1 cards per card region 4096
 CPUs: 4 total, 4 available
 Memory: 12186M
 Large Page Support: Disabled
 NUMA Support: Disabled
 Compressed Oops: Enabled (Zero based)
 Heap Region Size: 2M
 Heap Min Capacity: 8M
 Heap Initial Capacity: 192M
 Heap Max Capacity: 3048M
 Pre-touch: Disabled
 Parallel Workers: 4
 Concurrent Workers: 1
 Concurrent Refinement Workers: 4
 Periodic GC: Disabled
Heap:
 garbage-first heap   total reserved 3121152K, committed 899072K, used 664797K [0x0000000741800000, 0x0000000800000000)
  region size 2048K, 1 young (2048K), 1 survivors (2048K)
 Metaspace       used 1056K, committed 1216K, reserved 1114112K
  class space    used 82K, committed 192K, reserved 1048576K
GC Heap History (8 events):
Event: 2.986 GC heap before
{Heap before GC invocations=0 (full 0):
 garbage-first heap   total reserved 3121152K, committed 196608K, used 81920K [0x0000000741800000, 0x0000000800000000)
  region size 2048K, 4 young (8192K), 0 survivors (0K)
 Metaspace       used 1055K, committed 1216K, reserved 1114112K
  class space    used 82K, committed 192K, reserved 1048576K
}
Event: 3.221 GC heap after
{Heap after GC invocations=1 (full 0):
 garbage-first heap   total reserved 3121152K, committed 196608K, used 79143K [0x0000000741800000, 0x0000000800000000)
  region size 2048K, 1 young (2048K), 1 survivors (2048K)
 Metaspace       used 1055K, committed 1216K, reserved 1114112K
  class space    used 82K, committed 192K, reserved 1048576K
}
Event: 3.415 GC heap before
{Heap before GC invocations=1 (full 0):
 garbage-first heap   total reserved 3121152K, committed 196608K, used 116007K [0x0000000741800000, 0x0000000800000000)
  region size 2048K, 2 young (4096K), 1 survivors (2048K)
 Metaspace       used 1056K, committed 1216K, reserved 1114112K
  class space    used 82K, committed 192K, reserved 1048576K
}
Event: 3.766 GC heap after
{Heap after GC invocations=2 (full 0):
 garbage-first heap   total reserved 3121152K, committed 196608K, used 115989K [0x0000000741800000, 0x0000000800000000)
  region size 2048K, 1 young (2048K), 1 survivors (2048K)
 Metaspace       used 1056K, committed 1216K, reserved 1114112K
  class space    used 82K, committed 192K, reserved 1048576K
}
Event: 5.333 GC heap before
{Heap before GC invocations=3 (full 0):
 garbage-first heap   total reserved 3121152K, committed 276480K, used 175381K [0x0000000741800000, 0x0000000800000000)
  region size 2048K, 1 young (2048K), 1 survivors (2048K)
 Metaspace       used 1056K, committed 1216K, reserved 1114112K
  class space    used 82K, committed 192K, reserved 1048576K
}
Event: 5.350 GC heap after
{Heap after GC invocations=4 (full 0):
 garbage-first heap   total reserved 3121152K, committed 276480K, used 175336K [0x0000000741800000, 0x0000000800000000)
  region size 2048K, 1 young (2048K), 1 survivors (2048K)
 Metaspace       used 1056K, committed 1216K, reserved 1114112K
  class space    used 82K, committed 192K, reserved 1048576K
}
Event: 7.722 GC heap before
{Heap before GC invocations=5 (full 0):
 garbage-first heap   total reserved 3121152K, committed 858112K, used 664808K [0x0000000741800000, 0x0000000800000000)
  region size 2048K, 1 young (2048K), 1 survivors (2048K)
 Metaspace       used 1056K, committed 1216K, reserved 1114112K
  class space    used 82K, committed 192K, reserved 1048576K
}
Event: 7.767 GC heap after
{Heap after GC invocations=6 (full 0):
 garbage-first heap   total reserved 3121152K, committed 858112K, used 664797K [0x0000000741800000, 0x0000000800000000)
  region size 2048K, 1 young (2048K), 1 survivors (2048K)
 Metaspace       used 1056K, committed 1216K, reserved 1114112K
  class space    used 82K, committed 192K, reserved 1048576K
}

